app/build/intermediates/manifest_merge_blame_file/release/processReleaseMainManifest/manifest-merger-blame-release-report.txt
1<?xml version="1.0" encoding="utf-8"?>
2<manifest xmlns:android="http://schemas.android.com/apk/res/android"
3    package="com.dibitara.app"
4    android:versionCode="1"
5    android:versionName="1.0.0" >
6
7    <uses-sdk
8        android:minSdkVersion="26"
9        android:targetSdkVersion="35" />
10
11    <!-- Accès réseau pour récupérer les taux de change -->
12    <uses-permission android:name="android.permission.INTERNET" />
12-->src/main/AndroidManifest.xml:5:5-67
12-->src/main/AndroidManifest.xml:5:22-64
13    <!-- Authentification biométrique -->
14    <uses-permission android:name="android.permission.USE_BIOMETRIC" />
14-->src/main/AndroidManifest.xml:7:5-72
14-->src/main/AndroidManifest.xml:7:22-69
15    <!-- Notifications pour les rappels budgétaires -->
16    <uses-permission android:name="android.permission.POST_NOTIFICATIONS" />
16-->src/main/AndroidManifest.xml:9:5-77
16-->src/main/AndroidManifest.xml:9:22-74
17    <!-- Planification des rappels en arrière-plan -->
18    <uses-permission android:name="android.permission.SCHEDULE_EXACT_ALARM" />
18-->src/main/AndroidManifest.xml:11:5-79
18-->src/main/AndroidManifest.xml:11:22-76
19
20    <!-- suppress DeprecatedClassUsageInspection -->
21    <uses-permission android:name="android.permission.USE_FINGERPRINT" />
21-->[androidx.biometric:biometric:1.2.0-alpha05] AndroidManifest.xml:25:5-74
21-->[androidx.biometric:biometric:1.2.0-alpha05] AndroidManifest.xml:25:22-71
22
23    <permission
23-->[androidx.core:core:1.13.1] AndroidManifest.xml:22:5-24:47
24        android:name="com.dibitara.app.DYNAMIC_RECEIVER_NOT_EXPORTED_PERMISSION"
24-->[androidx.core:core:1.13.1] AndroidManifest.xml:23:9-81
25        android:protectionLevel="signature" />
25-->[androidx.core:core:1.13.1] AndroidManifest.xml:24:9-44
26
27    <uses-permission android:name="com.dibitara.app.DYNAMIC_RECEIVER_NOT_EXPORTED_PERMISSION" />
27-->[androidx.core:core:1.13.1] AndroidManifest.xml:26:5-97
27-->[androidx.core:core:1.13.1] AndroidManifest.xml:26:22-94
28
29    <application
29-->src/main/AndroidManifest.xml:13:5-32:19
30        android:name="com.dibitara.app.DibitaraApp"
30-->src/main/AndroidManifest.xml:14:9-36
31        android:allowBackup="false"
31-->src/main/AndroidManifest.xml:15:9-36
32        android:appComponentFactory="androidx.core.app.CoreComponentFactory"
32-->[androidx.core:core:1.13.1] AndroidManifest.xml:28:18-86
33        android:extractNativeLibs="false"
34        android:icon="@mipmap/ic_launcher"
34-->src/main/AndroidManifest.xml:16:9-43
35        android:label="@string/app_name"
35-->src/main/AndroidManifest.xml:17:9-41
36        android:roundIcon="@mipmap/ic_launcher_round"
36-->src/main/AndroidManifest.xml:18:9-54
37        android:supportsRtl="true"
37-->src/main/AndroidManifest.xml:19:9-35
38        android:theme="@style/Theme.Dibitara" >
38-->src/main/AndroidManifest.xml:20:9-46
39        <activity
39-->src/main/AndroidManifest.xml:22:9-30:20
40            android:name="com.dibitara.app.MainActivity"
40-->src/main/AndroidManifest.xml:23:13-41
41            android:exported="true"
41-->src/main/AndroidManifest.xml:24:13-36
42            android:windowSoftInputMode="adjustResize" >
42-->src/main/AndroidManifest.xml:25:13-55
43            <intent-filter>
43-->src/main/AndroidManifest.xml:26:13-29:29
44                <action android:name="android.intent.action.MAIN" />
44-->src/main/AndroidManifest.xml:27:17-69
44-->src/main/AndroidManifest.xml:27:25-66
45
46                <category android:name="android.intent.category.LAUNCHER" />
46-->src/main/AndroidManifest.xml:28:17-77
46-->src/main/AndroidManifest.xml:28:27-74
47            </intent-filter>
48        </activity>
49
50        <provider
50-->[androidx.lifecycle:lifecycle-process:2.8.6] AndroidManifest.xml:24:9-32:20
51            android:name="androidx.startup.InitializationProvider"
51-->[androidx.lifecycle:lifecycle-process:2.8.6] AndroidManifest.xml:25:13-67
52            android:authorities="com.dibitara.app.androidx-startup"
52-->[androidx.lifecycle:lifecycle-process:2.8.6] AndroidManifest.xml:26:13-68
53            android:exported="false" >
53-->[androidx.lifecycle:lifecycle-process:2.8.6] AndroidManifest.xml:27:13-37
54            <meta-data
54-->[androidx.lifecycle:lifecycle-process:2.8.6] AndroidManifest.xml:29:13-31:52
55                android:name="androidx.lifecycle.ProcessLifecycleInitializer"
55-->[androidx.lifecycle:lifecycle-process:2.8.6] AndroidManifest.xml:30:17-78
56                android:value="androidx.startup" />
56-->[androidx.lifecycle:lifecycle-process:2.8.6] AndroidManifest.xml:31:17-49
57            <meta-data
57-->[androidx.emoji2:emoji2:1.3.0] AndroidManifest.xml:29:13-31:52
58                android:name="androidx.emoji2.text.EmojiCompatInitializer"
58-->[androidx.emoji2:emoji2:1.3.0] AndroidManifest.xml:30:17-75
59                android:value="androidx.startup" />
59-->[androidx.emoji2:emoji2:1.3.0] AndroidManifest.xml:31:17-49
60            <meta-data
60-->[androidx.profileinstaller:profileinstaller:1.3.1] AndroidManifest.xml:29:13-31:52
61                android:name="androidx.profileinstaller.ProfileInstallerInitializer"
61-->[androidx.profileinstaller:profileinstaller:1.3.1] AndroidManifest.xml:30:17-85
62                android:value="androidx.startup" />
62-->[androidx.profileinstaller:profileinstaller:1.3.1] AndroidManifest.xml:31:17-49
63        </provider>
64
65        <service
65-->[androidx.room:room-runtime:2.6.1] AndroidManifest.xml:24:9-28:63
66            android:name="androidx.room.MultiInstanceInvalidationService"
66-->[androidx.room:room-runtime:2.6.1] AndroidManifest.xml:25:13-74
67            android:directBootAware="true"
67-->[androidx.room:room-runtime:2.6.1] AndroidManifest.xml:26:13-43
68            android:exported="false" />
68-->[androidx.room:room-runtime:2.6.1] AndroidManifest.xml:27:13-37
69
70        <receiver
70-->[androidx.profileinstaller:profileinstaller:1.3.1] AndroidManifest.xml:34:9-52:20
71            android:name="androidx.profileinstaller.ProfileInstallReceiver"
71-->[androidx.profileinstaller:profileinstaller:1.3.1] AndroidManifest.xml:35:13-76
72            android:directBootAware="false"
72-->[androidx.profileinstaller:profileinstaller:1.3.1] AndroidManifest.xml:36:13-44
73            android:enabled="true"
73-->[androidx.profileinstaller:profileinstaller:1.3.1] AndroidManifest.xml:37:13-35
74            android:exported="true"
74-->[androidx.profileinstaller:profileinstaller:1.3.1] AndroidManifest.xml:38:13-36
75            android:permission="android.permission.DUMP" >
75-->[androidx.profileinstaller:profileinstaller:1.3.1] AndroidManifest.xml:39:13-57
76            <intent-filter>
76-->[androidx.profileinstaller:profileinstaller:1.3.1] AndroidManifest.xml:40:13-42:29
77                <action android:name="androidx.profileinstaller.action.INSTALL_PROFILE" />
77-->[androidx.profileinstaller:profileinstaller:1.3.1] AndroidManifest.xml:41:17-91
77-->[androidx.profileinstaller:profileinstaller:1.3.1] AndroidManifest.xml:41:25-88
78            </intent-filter>
79            <intent-filter>
79-->[androidx.profileinstaller:profileinstaller:1.3.1] AndroidManifest.xml:43:13-45:29
80                <action android:name="androidx.profileinstaller.action.SKIP_FILE" />
80-->[androidx.profileinstaller:profileinstaller:1.3.1] AndroidManifest.xml:44:17-85
80-->[androidx.profileinstaller:profileinstaller:1.3.1] AndroidManifest.xml:44:25-82
81            </intent-filter>
82            <intent-filter>
82-->[androidx.profileinstaller:profileinstaller:1.3.1] AndroidManifest.xml:46:13-48:29
83                <action android:name="androidx.profileinstaller.action.SAVE_PROFILE" />
83-->[androidx.profileinstaller:profileinstaller:1.3.1] AndroidManifest.xml:47:17-88
83-->[androidx.profileinstaller:profileinstaller:1.3.1] AndroidManifest.xml:47:25-85
84            </intent-filter>
85            <intent-filter>
85-->[androidx.profileinstaller:profileinstaller:1.3.1] AndroidManifest.xml:49:13-51:29
86                <action android:name="androidx.profileinstaller.action.BENCHMARK_OPERATION" />
86-->[androidx.profileinstaller:profileinstaller:1.3.1] AndroidManifest.xml:50:17-95
86-->[androidx.profileinstaller:profileinstaller:1.3.1] AndroidManifest.xml:50:25-92
87            </intent-filter>
88        </receiver>
89    </application>
90
91</manifest>